29  -0.80000  -5.659
23  -0.80000  -5.674
21  -0.80000  -5.660
24  -0.80000  -5.693
18  -0.80000  -5.713
13  -1.00000  -6.609
8  -1.00000  -6.040
14  -1.00000  -6.654
0  -1.00000  -6.732
12  -1.00000  -6.042
17  -1.00000  -6.279
16  -1.00000  -6.302
7  -1.00000  -5.764
11  -1.00000  -5.957
19  -0.80000  -5.702
22  -0.80000  -5.667
10  -1.00000  -6.049
15  -1.00000  -6.332
26  -0.80000  -5.620
39  -0.60000  -5.189
4  -1.00000  -6.546
28  -0.80000  -5.708
33  -0.80000  -5.625
32  -0.80000  -5.934
25  -0.80000  -5.684
37  -0.60000  -5.251
34  -0.80000  -5.607
1  -1.00000  -6.613
35  -0.80000  -5.609
36  -0.60000  -5.170
3  -1.00000  -6.565
6  -1.00000  -5.985
27  -0.80000  -5.822
30  -0.80000  -5.658
9  -1.00000  -6.188
2  -1.00000  -6.543
38  -0.60000  -5.198
5  -1.00000  -6.551
31  -0.80000  -5.941
20  -0.80000  -5.640
58  -0.40000  -4.769
69  -0.40000  -4.957
64  -0.40000  -5.068
56  -0.40000  -4.790
53  -0.60000  -5.290
76  -0.20000  -4.499
63  -0.40000  -5.168
62  -0.40000  -4.955
68  -0.40000  -5.022
57  -0.40000  -4.755
40  -0.60000  -5.202
50  -0.60000  -5.502
65  -0.40000  -5.018
75  -0.20000  -4.474
77  -0.20000  -4.514
52  -0.60000  -5.299
47  -0.60000  -5.468
72  -0.20000  -4.456
74  -0.20000  -4.499
61  -0.40000  -5.039
59  -0.40000  -4.777
78  -0.20000  -4.526
67  -0.40000  -4.902
48  -0.60000  -5.419
66  -0.40000  -4.964
41  -0.60000  -5.208
45  -0.60000  -5.615
54  -0.40000  -4.728
73  -0.20000  -4.537
70  -0.40000  -4.936
71  -0.40000  -4.914
46  -0.60000  -5.511
79  -0.20000  -4.486
51  -0.60000  -5.318
42  -0.60000  -5.508
44  -0.60000  -5.379
55  -0.40000  -4.844
43  -0.60000  -5.573
49  -0.60000  -5.460
60  -0.40000  -5.017
104  -0.00000  -4.377
98  -0.00000  -4.278
116  0.20000  -3.900
109  0.20000  -4.061
96  -0.00000  -4.250
93  -0.00000  -4.373
92  -0.00000  -4.363
97  -0.00000  -4.188
80  -0.20000  -4.549
108  0.20000  -4.121
102  -0.00000  -4.323
118  0.20000  -3.958
103  -0.00000  -4.195
112  0.20000  -4.142
113  0.20000  -4.152
114  0.20000  -3.943
115  0.20000  -3.882
90  -0.00000  -4.353
107  -0.00000  -4.431
94  -0.00000  -4.405
110  0.20000  -4.087
87  -0.20000  -4.624
106  -0.00000  -4.414
105  -0.00000  -4.388
81  -0.20000  -4.680
86  -0.20000  -4.622
117  0.20000  -3.948
111  0.20000  -4.126
95  -0.00000  -4.424
99  -0.00000  -4.333
85  -0.20000  -4.458
82  -0.20000  -4.621
88  -0.20000  -4.623
101  -0.00000  -4.321
119  0.20000  -3.958
89  -0.20000  -4.614
91  -0.00000  -4.365
83  -0.20000  -4.583
84  -0.20000  -4.556
100  -0.00000  -4.333
156  0.60000  -3.386
138  0.40000  -3.492
154  0.60000  -3.419
144  0.60000  -3.485
136  0.40000  -3.497
142  0.40000  -3.542
147  0.60000  -3.420
137  0.40000  -3.492
158  0.60000  -3.531
149  0.60000  -3.348
152  0.60000  -3.337
132  0.40000  -3.574
120  0.20000  -3.969
148  0.60000  -3.376
130  0.40000  -3.657
133  0.40000  -3.525
155  0.60000  -3.413
134  0.40000  -3.442
126  0.40000  -3.723
143  0.40000  -3.554
153  0.60000  -3.507
145  0.60000  -3.382
135  0.40000  -3.545
157  0.60000  -3.389
150  0.60000  -3.573
122  0.20000  -4.058
127  0.40000  -3.599
146  0.60000  -3.401
151  0.60000  -3.586
139  0.40000  -3.497
121  0.20000  -3.868
159  0.60000  -3.361
123  0.20000  -4.012
124  0.20000  -4.048
141  0.40000  -3.520
125  0.20000  -4.073
129  0.40000  -3.673
128  0.40000  -3.630
131  0.40000  -3.648
140  0.40000  -3.661
196  1.00000  -1.988
178  0.80000  -3.229
194  1.00000  -2.366
176  0.80000  -3.412
187  1.00000  -2.538
184  1.00000  -2.019
170  0.80000  -3.472
192  1.00000  -2.309
177  0.80000  -3.285
188  1.00000  -2.986
182  1.00000  -1.882
166  0.80000  -3.150
195  1.00000  -2.044
174  0.80000  -3.410
160  0.60000  -3.348
189  1.00000  -2.426
173  0.80000  -3.469
172  0.80000  -3.476
179  0.80000  -3.193
161  0.60000  -3.329
167  0.80000  -3.122
185  1.00000  -2.047
183  1.00000  -1.912
162  0.80000  -3.307
197  1.00000  -2.059
193  1.00000  -3.080
175  0.80000  -3.427
190  1.00000  -2.314
186  1.00000  -2.407
163  0.80000  -3.202
169  0.80000  -3.765
191  1.00000  -2.322
165  0.80000  -3.179
164  0.80000  -3.192
181  1.00000  -1.985
168  0.80000  -3.655
171  0.80000  -3.535
180  1.00000  -2.621
